<?xml version="1.0" encoding="UTF-8"?>
<!-- Generated by org.testng.reporters.JUnitXMLReporter -->
<testsuite hostname="Rajaram" ignored="0" name="Default test" tests="3" failures="0" timestamp="13 Nov 2021 01:34:30 GMT" time="10.954" errors="0">
  <testcase name="createToken" time="7.263" classname="Restful.selenium.ApiTest"/>
  <testcase name="createBooking" time="1.58" classname="Restful.selenium.ApiTest"/>
  <testcase name="getBookingDetails" time="2.046" classname="Restful.selenium.ApiTest"/>
</testsuite> <!-- Default test -->
