<?xml version="1.0" encoding="UTF-8"?>
<testng-results skipped="0" failed="0" ignored="0" total="3" passed="3">
  <reporter-output>
  </reporter-output>
  <suite name="Default suite" duration-ms="10954" started-at="2021-11-13T01:34:19Z" finished-at="2021-11-13T01:34:30Z">
    <groups>
    </groups>
    <test name="Default test" duration-ms="10954" started-at="2021-11-13T01:34:19Z" finished-at="2021-11-13T01:34:30Z">
      <class name="Restful.selenium.ApiTest">
        <test-method status="PASS" signature="createToken()[pri:1, instance:Restful.selenium.ApiTest@123f1134]" name="createToken" duration-ms="7263" started-at="2021-11-13T01:34:19Z" finished-at="2021-11-13T01:34:26Z">
          <reporter-output>
          </reporter-output>
        </test-method> <!-- createToken -->
        <test-method status="PASS" signature="createBooking()[pri:2, instance:Restful.selenium.ApiTest@123f1134]" name="createBooking" duration-ms="1580" started-at="2021-11-13T01:34:26Z" finished-at="2021-11-13T01:34:28Z">
          <reporter-output>
          </reporter-output>
        </test-method> <!-- createBooking -->
        <test-method status="PASS" signature="getBookingDetails()[pri:3, instance:Restful.selenium.ApiTest@123f1134]" name="getBookingDetails" duration-ms="2046" started-at="2021-11-13T01:34:28Z" finished-at="2021-11-13T01:34:30Z">
          <reporter-output>
          </reporter-output>
        </test-method> <!-- getBookingDetails -->
      </class> <!-- Restful.selenium.ApiTest -->
    </test> <!-- Default test -->
  </suite> <!-- Default suite -->
</testng-results>
